Flutter crash report; please file at https://github.com/flutter/flutter/issues.

## command

flutter build bundle --suppress-analytics --target /home/user/Desktop/Github/mobile_development/todo_list/lib/main.dart --track-widget-creation --compilation-trace-file compilation.txt --target-platform android-arm64 --depfile /home/user/Desktop/Github/mobile_development/todo_list/build/app/intermediates/flutter/debug/snapshot_blob.bin.d --asset-dir /home/user/Desktop/Github/mobile_development/todo_list/build/app/intermediates/flutter/debug/flutter_assets --debug

## exception

FileSystemException: FileSystemException: Deletion failed, path = '/home/user/Desktop/Github/mobile_development/todo_list/build/app/intermediates/flutter/debug/flutter_assets' (OS Error: No such file or directory, errno = 2)

```
#0      _Directory._deleteSync (dart:io/directory_impl.dart:206:7)
#1      FileSystemEntity.deleteSync (dart:io/file_system_entity.dart:466:47)
#2      ForwardingFileSystemEntity.deleteSync (package:file/src/forwarding/forwarding_file_system_entity.dart:72:16)
#3      writeBundle (package:flutter_tools/src/bundle.dart:232:15)
<asynchronous suspension>
#4      assemble (package:flutter_tools/src/bundle.dart:223:9)
<asynchronous suspension>
#5      build (package:flutter_tools/src/bundle.dart:156:9)
<asynchronous suspension>
#6      BuildBundleCommand.runCommand (package:flutter_tools/src/commands/build_bundle.dart:75:11)
<asynchronous suspension>
#7      FlutterCommand.verifyThenRunCommand (package:flutter_tools/src/runner/flutter_command.dart:559:18)
<asynchronous suspension>
#8      FlutterCommand.run.<anonymous closure> (package:flutter_tools/src/runner/flutter_command.dart:495:33)
<asynchronous suspension>
#9      AppContext.run.<anonymous closure> (package:flutter_tools/src/base/context.dart:142:29)
<asynchronous suspension>
#10     _rootRun (dart:async/zone.dart:1124:13)
#11     _CustomZone.run (dart:async/zone.dart:1021:19)
#12     _runZoned (dart:async/zone.dart:1516:10)
#13     runZoned (dart:async/zone.dart:1463:12)
#14     AppContext.run (package:flutter_tools/src/base/context.dart:141:18)
<asynchronous suspension>
#15     FlutterCommand.run (package:flutter_tools/src/runner/flutter_command.dart:486:20)
#16     CommandRunner.runCommand (package:args/command_runner.dart:196:27)
<asynchronous suspension>
#17     FlutterCommandRunner.runCommand.<anonymous closure> (package:flutter_tools/src/runner/flutter_command_runner.dart:396:21)
<asynchronous suspension>
#18     AppContext.run.<anonymous closure> (package:flutter_tools/src/base/context.dart:142:29)
<asynchronous suspension>
#19     _rootRun (dart:async/zone.dart:1124:13)
#20     _CustomZone.run (dart:async/zone.dart:1021:19)
#21     _runZoned (dart:async/zone.dart:1516:10)
#22     runZoned (dart:async/zone.dart:1463:12)
#23     AppContext.run (package:flutter_tools/src/base/context.dart:141:18)
<asynchronous suspension>
#24     FlutterCommandRunner.runCommand (package:flutter_tools/src/runner/flutter_command_runner.dart:356:19)
<asynchronous suspension>
#25     CommandRunner.run.<anonymous closure> (package:args/command_runner.dart:111:29)
#26     new Future.sync (dart:async/future.dart:224:31)
#27     CommandRunner.run (package:args/command_runner.dart:111:11)
#28     FlutterCommandRunner.run (package:flutter_tools/src/runner/flutter_command_runner.dart:242:18)
#29     run.<anonymous closure> (package:flutter_tools/runner.dart:60:20)
<asynchronous suspension>
#30     AppContext.run.<anonymous closure> (package:flutter_tools/src/base/context.dart:142:29)
<asynchronous suspension>
#31     _rootRun (dart:async/zone.dart:1124:13)
#32     _CustomZone.run (dart:async/zone.dart:1021:19)
#33     _runZoned (dart:async/zone.dart:1516:10)
#34     runZoned (dart:async/zone.dart:1463:12)
#35     AppContext.run (package:flutter_tools/src/base/context.dart:141:18)
<asynchronous suspension>
#36     runInContext (package:flutter_tools/src/context_runner.dart:50:24)
<asynchronous suspension>
#37     run (package:flutter_tools/runner.dart:51:10)
#38     main (package:flutter_tools/executable.dart:60:9)
<asynchronous suspension>
#39     main (file:///home/user/Documents/flutterSDK/flutter/packages/flutter_tools/bin/flutter_tools.dart:8:3)
#40     _startIsolate.<anonymous closure> (dart:isolate-patch/isolate_patch.dart:298:32)
#41     _RawReceivePortImpl._handleMessage (dart:isolate-patch/isolate_patch.dart:171:12)
```

## flutter doctor

```
[✓] Flutter (Channel stable, v1.5.4-hotfix.2, on Linux, locale en_CA.UTF-8)
    • Flutter version 1.5.4-hotfix.2 at /home/user/Documents/flutterSDK/flutter
    • Framework revision 7a4c33425d (9 weeks ago), 2019-04-29 11:05:24 -0700
    • Engine revision 52c7a1e849
    • Dart version 2.3.0 (build 2.3.0-dev.0.5 a1668566e5)

[✓] Android toolchain - develop for Android devices (Android SDK version 28.0.3)
    • Android SDK at /home/user/Android/Sdk
    • Android NDK location not configured (optional; useful for native profiling support)
    • Platform android-28, build-tools 28.0.3
    • ANDROID_HOME = /home/user/Android/Sdk
    • Java binary at: /home/user/android-studio/jre/bin/java
    • Java version OpenJDK Runtime Environment (build 1.8.0_152-release-1343-b16-5323222)
    • All Android licenses accepted.

[!] Android Studio (version 3.4)
    • Android Studio at /home/user/android-studio
    ✗ Flutter plugin not installed; this adds Flutter specific functionality.
    ✗ Dart plugin not installed; this adds Dart specific functionality.
    • Java version OpenJDK Runtime Environment (build 1.8.0_152-release-1343-b16-5323222)

[!] IntelliJ IDEA Community Edition (version 2016.3)
    • IntelliJ at /home/user/idea-IC-163.10154.41
    ✗ Flutter plugin not installed; this adds Flutter specific functionality.
    ✗ Dart plugin not installed; this adds Dart specific functionality.
    • For information about installing plugins, see
      https://flutter.dev/intellij-setup/#installing-the-plugins
    ✗ This install is older than the minimum recommended version of 2017.1.0.

[✓] VS Code (version 1.35.1)
    • VS Code at /usr/share/code
    • Flutter extension version 2.22.1

[✓] Connected device (1 available)
    • SM G950W • 988e1632564f443130 • android-arm64 • Android 9 (API 28)

! Doctor found issues in 2 categories.
```
